<?xml version="1.0" encoding="UTF-8"?>
<!-- Generated by org.testng.reporters.JUnitReportReporter -->
<testsuite skipped="0" hostname="Satarupa" name="SearchPage" tests="1" failures="0" timestamp="2020-03-19T20:17:22 IST" time="12.111" errors="0">
  <testcase name="SearchOption" time="12.111" classname="SearchPage"/>
  <system-out/>
</testsuite> <!-- SearchPage -->
